<?xml version="1.0" encoding="UTF-8" ?>
<testsuite failures="0" time="0.017" errors="0" skipped="0" tests="1" name="com.tryitout.java7.AppTest">
  <properties>
    <property name="java.runtime.name" value="Java(TM) SE Runtime Environment"/>
    <property name="sun.boot.library.path" value="W:\tools\java\jdk1.7.0_01\jre\bin"/>
    <property name="java.vm.version" value="21.1-b02"/>
    <property name="java.vm.vendor" value="Oracle Corporation"/>
    <property name="java.vendor.url" value="http://java.oracle.com/"/>
    <property name="path.separator" value=";"/>
    <property name="java.vm.name" value="Java HotSpot(TM) 64-Bit Server VM"/>
    <property name="file.encoding.pkg" value="sun.io"/>
    <property name="user.script" value=""/>
    <property name="user.country" value="US"/>
    <property name="sun.java.launcher" value="SUN_STANDARD"/>
    <property name="sun.os.patch.level" value="Service Pack 1"/>
    <property name="java.vm.specification.name" value="Java Virtual Machine Specification"/>
    <property name="user.dir" value="D:\workspace_try-it-out\try.it.out.main\com.tryitout.java7"/>
    <property name="java.runtime.version" value="1.7.0_01-b08"/>
    <property name="java.awt.graphicsenv" value="sun.awt.Win32GraphicsEnvironment"/>
    <property name="basedir" value="D:\workspace_try-it-out\try.it.out.main\com.tryitout.java7"/>
    <property name="java.endorsed.dirs" value="W:\tools\java\jdk1.7.0_01\jre\lib\endorsed"/>
    <property name="os.arch" value="amd64"/>
    <property name="surefire.real.class.path" value="C:\Users\PICZKO~1\AppData\Local\Temp\surefirebooter3221376983233539749.jar"/>
    <property name="java.io.tmpdir" value="C:\Users\PICZKO~1\AppData\Local\Temp\"/>
    <property name="line.separator" value="
"/>
    <property name="java.vm.specification.vendor" value="Oracle Corporation"/>
    <property name="user.variant" value=""/>
    <property name="os.name" value="Windows 7"/>
    <property name="sun.jnu.encoding" value="Cp1250"/>
    <property name="java.library.path" value="W:\tools\java\jdk1.7.0_01\jre\bin;C:\Windows\Sun\Java\bin;C:\Windows\system32;C:\Windows;W:/tools/java/jdk1.7.0_01/bin/../jre/bin/server;W:/tools/java/jdk1.7.0_01/bin/../jre/bin;W:/tools/java/jdk1.7.0_01/bin/../jre/lib/amd64;C:\Program Files\Common Files\Microsoft Shared\Windows Live;C:\Program Files (x86)\Common Files\Microsoft Shared\Windows Live;C:\Windows\system32;C:\Windows;C:\Windows\System32\Wbem;C:\Windows\System32\WindowsPowerShell\v1.0\;C:\Program Files\WIDCOMM\Bluetooth Software\;C:\Program Files\WIDCOMM\Bluetooth Software\syswow64;C:\Program Files\Intel\WiFi\bin\;C:\Program Files\Common Files\Intel\WirelessCommon\;C:\Program Files (x86)\NTRU Cryptosystems\NTRU TCG Software Stack\bin\;C:\Program Files\NTRU Cryptosystems\NTRU TCG Software Stack\bin\;C:\Program Files\Dell\Dell Data Protection\Access\Advanced\Wave\Gemalto\Access Client\v5\;C:\Program Files (x86)\Windows Live\Shared;C:\Program Files (x86)\TortoiseSVN\bin;C:\Program Files\SlikSvn\bin\;C:\Program Files\TortoiseSVN\bin;W:\tools\apache-ant-1.8.2\bin;W:\tools\java\jdk1.7.0_01\bin;W:\tools\springsource\maven-2.2.1.RELEASE\bin;W:\tools\springsource\sts-2.7.2.RELEASE;;."/>
    <property name="surefire.test.class.path" value="D:\workspace_try-it-out\try.it.out.main\com.tryitout.java7\target\test-classes;D:\workspace_try-it-out\try.it.out.main\com.tryitout.java7\target\classes;W:\dev\maven_repo\junit\junit\3.8.1\junit-3.8.1.jar;"/>
    <property name="java.specification.name" value="Java Platform API Specification"/>
    <property name="java.class.version" value="51.0"/>
    <property name="sun.management.compiler" value="HotSpot 64-Bit Tiered Compilers"/>
    <property name="os.version" value="6.1"/>
    <property name="user.home" value="C:\Users\piczkowskim"/>
    <property name="user.timezone" value=""/>
    <property name="java.awt.printerjob" value="sun.awt.windows.WPrinterJob"/>
    <property name="java.specification.version" value="1.7"/>
    <property name="file.encoding" value="Cp1250"/>
    <property name="user.name" value="piczkowskim"/>
    <property name="java.class.path" value="D:\workspace_try-it-out\try.it.out.main\com.tryitout.java7\target\test-classes;D:\workspace_try-it-out\try.it.out.main\com.tryitout.java7\target\classes;W:\dev\maven_repo\junit\junit\3.8.1\junit-3.8.1.jar;"/>
    <property name="java.vm.specification.version" value="1.7"/>
    <property name="sun.arch.data.model" value="64"/>
    <property name="java.home" value="W:\tools\java\jdk1.7.0_01\jre"/>
    <property name="sun.java.command" value="C:\Users\PICZKO~1\AppData\Local\Temp\surefirebooter3221376983233539749.jar C:\Users\PICZKO~1\AppData\Local\Temp\surefire1455397552965226613tmp C:\Users\PICZKO~1\AppData\Local\Temp\surefire7534977375512274143tmp"/>
    <property name="java.specification.vendor" value="Oracle Corporation"/>
    <property name="user.language" value="en"/>
    <property name="awt.toolkit" value="sun.awt.windows.WToolkit"/>
    <property name="java.vm.info" value="mixed mode"/>
    <property name="java.version" value="1.7.0_01"/>
    <property name="java.ext.dirs" value="W:\tools\java\jdk1.7.0_01\jre\lib\ext;C:\Windows\Sun\Java\lib\ext"/>
    <property name="sun.boot.class.path" value="W:\tools\java\jdk1.7.0_01\jre\lib\resources.jar;W:\tools\java\jdk1.7.0_01\jre\lib\rt.jar;W:\tools\java\jdk1.7.0_01\jre\lib\sunrsasign.jar;W:\tools\java\jdk1.7.0_01\jre\lib\jsse.jar;W:\tools\java\jdk1.7.0_01\jre\lib\jce.jar;W:\tools\java\jdk1.7.0_01\jre\lib\charsets.jar;W:\tools\java\jdk1.7.0_01\jre\classes"/>
    <property name="java.vendor" value="Oracle Corporation"/>
    <property name="localRepository" value="W:/dev/maven_repo"/>
    <property name="file.separator" value="\"/>
    <property name="java.vendor.url.bug" value="http://bugreport.sun.com/bugreport/"/>
    <property name="sun.cpu.endian" value="little"/>
    <property name="sun.io.unicode.encoding" value="UnicodeLittle"/>
    <property name="sun.desktop" value="windows"/>
    <property name="sun.cpu.isalist" value="amd64"/>
  </properties>
  <testcase time="0.003" classname="com.tryitout.java7.AppTest" name="testApp"/>
</testsuite>